2024-01-16T15:10:18.920+05:30  INFO 4360 --- [main] edu.onlineFoodApp.FoodAppApplication     : Starting FoodAppApplication using Java 19.0.2 with PID 4360 (L:\Full Stack Java\Online_food_app\target\classes started by godwin in L:\Full Stack Java\Online_food_app)
2024-01-16T15:10:18.946+05:30  INFO 4360 --- [main] edu.onlineFoodApp.FoodAppApplication     : No active profile set, falling back to 1 default profile: "default"
2024-01-16T15:10:21.500+05:30  INFO 4360 --- [main] .s.d.r.c.RepositoryConfigurationDelegate : Multiple Spring Data modules found, entering strict repository configuration mode
2024-01-16T15:10:21.507+05:30  INFO 4360 --- [main] .s.d.r.c.RepositoryConfigurationDelegate : Bootstrapping Spring Data JDBC repositories in DEFAULT mode.
2024-01-16T15:10:21.614+05:30  INFO 4360 --- [main] .RepositoryConfigurationExtensionSupport : Spring Data JDBC - Could not safely identify store assignment for repository candidate interface edu.onlineFoodApp.repository.CustomerRepository; If you want this repository to be a JDBC repository, consider annotating your entities with one of these annotations: org.springframework.data.relational.core.mapping.Table.
2024-01-16T15:10:21.628+05:30  INFO 4360 --- [main] .RepositoryConfigurationExtensionSupport : Spring Data JDBC - Could not safely identify store assignment for repository candidate interface edu.onlineFoodApp.repository.FoodItemRepository; If you want this repository to be a JDBC repository, consider annotating your entities with one of these annotations: org.springframework.data.relational.core.mapping.Table.
2024-01-16T15:10:21.634+05:30  INFO 4360 --- [main] .RepositoryConfigurationExtensionSupport : Spring Data JDBC - Could not safely identify store assignment for repository candidate interface edu.onlineFoodApp.repository.FoodMenuRepository; If you want this repository to be a JDBC repository, consider annotating your entities with one of these annotations: org.springframework.data.relational.core.mapping.Table.
2024-01-16T15:10:21.640+05:30  INFO 4360 --- [main] .RepositoryConfigurationExtensionSupport : Spring Data JDBC - Could not safely identify store assignment for repository candidate interface edu.onlineFoodApp.repository.FoodOrderRepository; If you want this repository to be a JDBC repository, consider annotating your entities with one of these annotations: org.springframework.data.relational.core.mapping.Table.
2024-01-16T15:10:21.648+05:30  INFO 4360 --- [main] .RepositoryConfigurationExtensionSupport : Spring Data JDBC - Could not safely identify store assignment for repository candidate interface edu.onlineFoodApp.repository.FoodProductRepository; If you want this repository to be a JDBC repository, consider annotating your entities with one of these annotations: org.springframework.data.relational.core.mapping.Table.
2024-01-16T15:10:21.655+05:30  INFO 4360 --- [main] .RepositoryConfigurationExtensionSupport : Spring Data JDBC - Could not safely identify store assignment for repository candidate interface edu.onlineFoodApp.repository.UserRepository; If you want this repository to be a JDBC repository, consider annotating your entities with one of these annotations: org.springframework.data.relational.core.mapping.Table.
2024-01-16T15:10:21.658+05:30  INFO 4360 --- [main] .s.d.r.c.RepositoryConfigurationDelegate : Finished Spring Data repository scanning in 130 ms. Found 0 JDBC repository interfaces.
2024-01-16T15:10:21.696+05:30  INFO 4360 --- [main] .s.d.r.c.RepositoryConfigurationDelegate : Multiple Spring Data modules found, entering strict repository configuration mode
2024-01-16T15:10:21.698+05:30  INFO 4360 --- [main] .s.d.r.c.RepositoryConfigurationDelegate : Bootstrapping Spring Data JPA repositories in DEFAULT mode.
2024-01-16T15:10:21.806+05:30  INFO 4360 --- [main] .s.d.r.c.RepositoryConfigurationDelegate : Finished Spring Data repository scanning in 92 ms. Found 6 JPA repository interfaces.
2024-01-16T15:10:22.478+05:30  INFO 4360 --- [main] trationDelegate$BeanPostProcessorChecker : Bean 'org.springframework.ws.config.annotation.DelegatingWsConfiguration' of type [org.springframework.ws.config.annotation.DelegatingWsConfiguration$$SpringCGLIB$$0] is not eligible for getting processed by all BeanPostProcessors (for example: not eligible for auto-proxying)
2024-01-16T15:10:22.585+05:30  INFO 4360 --- [main] .w.s.a.s.AnnotationActionEndpointMapping : Supporting [WS-Addressing August 2004, WS-Addressing 1.0]
2024-01-16T15:10:23.547+05:30  INFO 4360 --- [main] o.s.b.w.embedded.tomcat.TomcatWebServer  : Tomcat initialized with port(s): 8080 (http)
2024-01-16T15:10:23.573+05:30  INFO 4360 --- [main] o.apache.catalina.core.StandardService   : Starting service [Tomcat]
2024-01-16T15:10:23.574+05:30  INFO 4360 --- [main] o.apache.catalina.core.StandardEngine    : Starting Servlet engine: [Apache Tomcat/10.1.11]
2024-01-16T15:10:23.786+05:30  INFO 4360 --- [main] o.a.c.c.C.[Tomcat].[localhost].[/]       : Initializing Spring embedded WebApplicationContext
2024-01-16T15:10:23.788+05:30  INFO 4360 --- [main] w.s.c.ServletWebServerApplicationContext : Root WebApplicationContext: initialization completed in 4505 ms
2024-01-16T15:10:24.240+05:30  INFO 4360 --- [main] o.hibernate.jpa.internal.util.LogHelper  : HHH000204: Processing PersistenceUnitInfo [name: default]
2024-01-16T15:10:24.379+05:30  INFO 4360 --- [main] org.hibernate.Version                    : HHH000412: Hibernate ORM core version 6.2.6.Final
2024-01-16T15:10:24.384+05:30  INFO 4360 --- [main] org.hibernate.cfg.Environment            : HHH000406: Using bytecode reflection optimizer
2024-01-16T15:10:24.676+05:30  INFO 4360 --- [main] o.h.b.i.BytecodeProviderInitiator        : HHH000021: Bytecode provider name : bytebuddy
2024-01-16T15:10:25.018+05:30  INFO 4360 --- [main] o.s.o.j.p.SpringPersistenceUnitInfo      : No LoadTimeWeaver setup: ignoring JPA class transformer
2024-01-16T15:10:25.055+05:30  INFO 4360 --- [main] com.zaxxer.hikari.HikariDataSource       : HikariPool-1 - Starting...
2024-01-16T15:10:25.768+05:30  INFO 4360 --- [main] com.zaxxer.hikari.pool.HikariPool        : HikariPool-1 - Added connection com.mysql.cj.jdbc.ConnectionImpl@6b24ddd7
2024-01-16T15:10:25.778+05:30  INFO 4360 --- [main] com.zaxxer.hikari.HikariDataSource       : HikariPool-1 - Start completed.
2024-01-16T15:10:26.712+05:30  INFO 4360 --- [main] o.h.b.i.BytecodeProviderInitiator        : HHH000021: Bytecode provider name : bytebuddy
2024-01-16T15:10:28.253+05:30  INFO 4360 --- [main] o.h.e.t.j.p.i.JtaPlatformInitiator       : HHH000490: Using JtaPlatform implementation: [org.hibernate.engine.transaction.jta.platform.internal.NoJtaPlatform]
2024-01-16T15:10:28.667+05:30  INFO 4360 --- [main] j.LocalContainerEntityManagerFactoryBean : Initialized JPA EntityManagerFactory for persistence unit 'default'
2024-01-16T15:10:30.021+05:30  WARN 4360 --- [main] JpaBaseConfiguration$JpaWebConfiguration : spring.jpa.open-in-view is enabled by default. Therefore, database queries may be performed during view rendering. Explicitly configure spring.jpa.open-in-view to disable this warning
2024-01-16T15:10:31.088+05:30  INFO 4360 --- [main] o.s.b.w.embedded.tomcat.TomcatWebServer  : Tomcat started on port(s): 8080 (http) with context path ''
2024-01-16T15:10:31.120+05:30  INFO 4360 --- [main] edu.onlineFoodApp.FoodAppApplication     : Started FoodAppApplication in 13.168 seconds (process running for 13.972)
2024-01-16T15:13:45.769+05:30  INFO 6360 --- [main] edu.onlineFoodApp.FoodAppApplication     : Starting FoodAppApplication using Java 19.0.2 with PID 6360 (L:\Full Stack Java\Online_food_app\target\classes started by godwin in L:\Full Stack Java\Online_food_app)
2024-01-16T15:13:45.780+05:30  INFO 6360 --- [main] edu.onlineFoodApp.FoodAppApplication     : No active profile set, falling back to 1 default profile: "default"
2024-01-16T15:13:48.113+05:30  INFO 6360 --- [main] .s.d.r.c.RepositoryConfigurationDelegate : Multiple Spring Data modules found, entering strict repository configuration mode
2024-01-16T15:13:48.119+05:30  INFO 6360 --- [main] .s.d.r.c.RepositoryConfigurationDelegate : Bootstrapping Spring Data JDBC repositories in DEFAULT mode.
2024-01-16T15:13:48.236+05:30  INFO 6360 --- [main] .RepositoryConfigurationExtensionSupport : Spring Data JDBC - Could not safely identify store assignment for repository candidate interface edu.onlineFoodApp.repository.CustomerRepository; If you want this repository to be a JDBC repository, consider annotating your entities with one of these annotations: org.springframework.data.relational.core.mapping.Table.
2024-01-16T15:13:48.245+05:30  INFO 6360 --- [main] .RepositoryConfigurationExtensionSupport : Spring Data JDBC - Could not safely identify store assignment for repository candidate interface edu.onlineFoodApp.repository.FoodItemRepository; If you want this repository to be a JDBC repository, consider annotating your entities with one of these annotations: org.springframework.data.relational.core.mapping.Table.
2024-01-16T15:13:48.253+05:30  INFO 6360 --- [main] .RepositoryConfigurationExtensionSupport : Spring Data JDBC - Could not safely identify store assignment for repository candidate interface edu.onlineFoodApp.repository.FoodMenuRepository; If you want this repository to be a JDBC repository, consider annotating your entities with one of these annotations: org.springframework.data.relational.core.mapping.Table.
2024-01-16T15:13:48.264+05:30  INFO 6360 --- [main] .RepositoryConfigurationExtensionSupport : Spring Data JDBC - Could not safely identify store assignment for repository candidate interface edu.onlineFoodApp.repository.FoodOrderRepository; If you want this repository to be a JDBC repository, consider annotating your entities with one of these annotations: org.springframework.data.relational.core.mapping.Table.
2024-01-16T15:13:48.273+05:30  INFO 6360 --- [main] .RepositoryConfigurationExtensionSupport : Spring Data JDBC - Could not safely identify store assignment for repository candidate interface edu.onlineFoodApp.repository.FoodProductRepository; If you want this repository to be a JDBC repository, consider annotating your entities with one of these annotations: org.springframework.data.relational.core.mapping.Table.
2024-01-16T15:13:48.284+05:30  INFO 6360 --- [main] .RepositoryConfigurationExtensionSupport : Spring Data JDBC - Could not safely identify store assignment for repository candidate interface edu.onlineFoodApp.repository.UserRepository; If you want this repository to be a JDBC repository, consider annotating your entities with one of these annotations: org.springframework.data.relational.core.mapping.Table.
2024-01-16T15:13:48.288+05:30  INFO 6360 --- [main] .s.d.r.c.RepositoryConfigurationDelegate : Finished Spring Data repository scanning in 151 ms. Found 0 JDBC repository interfaces.
2024-01-16T15:13:48.328+05:30  INFO 6360 --- [main] .s.d.r.c.RepositoryConfigurationDelegate : Multiple Spring Data modules found, entering strict repository configuration mode
2024-01-16T15:13:48.338+05:30  INFO 6360 --- [main] .s.d.r.c.RepositoryConfigurationDelegate : Bootstrapping Spring Data JPA repositories in DEFAULT mode.
2024-01-16T15:13:48.467+05:30  INFO 6360 --- [main] .s.d.r.c.RepositoryConfigurationDelegate : Finished Spring Data repository scanning in 98 ms. Found 6 JPA repository interfaces.
2024-01-16T15:13:49.168+05:30  INFO 6360 --- [main] trationDelegate$BeanPostProcessorChecker : Bean 'org.springframework.ws.config.annotation.DelegatingWsConfiguration' of type [org.springframework.ws.config.annotation.DelegatingWsConfiguration$$SpringCGLIB$$0] is not eligible for getting processed by all BeanPostProcessors (for example: not eligible for auto-proxying)
2024-01-16T15:13:49.269+05:30  INFO 6360 --- [main] .w.s.a.s.AnnotationActionEndpointMapping : Supporting [WS-Addressing August 2004, WS-Addressing 1.0]
2024-01-16T15:13:50.204+05:30  INFO 6360 --- [main] o.s.b.w.embedded.tomcat.TomcatWebServer  : Tomcat initialized with port(s): 8080 (http)
2024-01-16T15:13:50.235+05:30  INFO 6360 --- [main] o.apache.catalina.core.StandardService   : Starting service [Tomcat]
2024-01-16T15:13:50.237+05:30  INFO 6360 --- [main] o.apache.catalina.core.StandardEngine    : Starting Servlet engine: [Apache Tomcat/10.1.11]
2024-01-16T15:13:50.494+05:30  INFO 6360 --- [main] o.a.c.c.C.[Tomcat].[localhost].[/]       : Initializing Spring embedded WebApplicationContext
2024-01-16T15:13:50.497+05:30  INFO 6360 --- [main] w.s.c.ServletWebServerApplicationContext : Root WebApplicationContext: initialization completed in 4455 ms
2024-01-16T15:13:50.880+05:30  INFO 6360 --- [main] o.hibernate.jpa.internal.util.LogHelper  : HHH000204: Processing PersistenceUnitInfo [name: default]
2024-01-16T15:13:51.030+05:30  INFO 6360 --- [main] org.hibernate.Version                    : HHH000412: Hibernate ORM core version 6.2.6.Final
2024-01-16T15:13:51.040+05:30  INFO 6360 --- [main] org.hibernate.cfg.Environment            : HHH000406: Using bytecode reflection optimizer
2024-01-16T15:13:51.345+05:30  INFO 6360 --- [main] o.h.b.i.BytecodeProviderInitiator        : HHH000021: Bytecode provider name : bytebuddy
2024-01-16T15:13:51.665+05:30  INFO 6360 --- [main] o.s.o.j.p.SpringPersistenceUnitInfo      : No LoadTimeWeaver setup: ignoring JPA class transformer
2024-01-16T15:13:51.707+05:30  INFO 6360 --- [main] com.zaxxer.hikari.HikariDataSource       : HikariPool-1 - Starting...
2024-01-16T15:13:52.438+05:30  INFO 6360 --- [main] com.zaxxer.hikari.pool.HikariPool        : HikariPool-1 - Added connection com.mysql.cj.jdbc.ConnectionImpl@45571cfc
2024-01-16T15:13:52.448+05:30  INFO 6360 --- [main] com.zaxxer.hikari.HikariDataSource       : HikariPool-1 - Start completed.
2024-01-16T15:13:53.433+05:30  INFO 6360 --- [main] o.h.b.i.BytecodeProviderInitiator        : HHH000021: Bytecode provider name : bytebuddy
2024-01-16T15:13:54.963+05:30  INFO 6360 --- [main] o.h.e.t.j.p.i.JtaPlatformInitiator       : HHH000490: Using JtaPlatform implementation: [org.hibernate.engine.transaction.jta.platform.internal.NoJtaPlatform]
2024-01-16T15:13:55.403+05:30  INFO 6360 --- [main] j.LocalContainerEntityManagerFactoryBean : Initialized JPA EntityManagerFactory for persistence unit 'default'
2024-01-16T15:13:56.599+05:30  WARN 6360 --- [main] JpaBaseConfiguration$JpaWebConfiguration : spring.jpa.open-in-view is enabled by default. Therefore, database queries may be performed during view rendering. Explicitly configure spring.jpa.open-in-view to disable this warning
2024-01-16T15:13:57.684+05:30  INFO 6360 --- [main] o.s.b.w.embedded.tomcat.TomcatWebServer  : Tomcat started on port(s): 8080 (http) with context path ''
2024-01-16T15:13:57.716+05:30  INFO 6360 --- [main] edu.onlineFoodApp.FoodAppApplication     : Started FoodAppApplication in 13.002 seconds (process running for 13.8)
2024-01-16T15:14:20.943+05:30  INFO 7844 --- [main] edu.onlineFoodApp.FoodAppApplication     : Starting FoodAppApplication using Java 19.0.2 with PID 7844 (L:\Full Stack Java\Online_food_app\target\classes started by godwin in L:\Full Stack Java\Online_food_app)
2024-01-16T15:14:20.951+05:30  INFO 7844 --- [main] edu.onlineFoodApp.FoodAppApplication     : No active profile set, falling back to 1 default profile: "default"
2024-01-16T15:14:22.693+05:30  INFO 7844 --- [main] .s.d.r.c.RepositoryConfigurationDelegate : Multiple Spring Data modules found, entering strict repository configuration mode
2024-01-16T15:14:22.696+05:30  INFO 7844 --- [main] .s.d.r.c.RepositoryConfigurationDelegate : Bootstrapping Spring Data JDBC repositories in DEFAULT mode.
2024-01-16T15:14:22.802+05:30  INFO 7844 --- [main] .RepositoryConfigurationExtensionSupport : Spring Data JDBC - Could not safely identify store assignment for repository candidate interface edu.onlineFoodApp.repository.CustomerRepository; If you want this repository to be a JDBC repository, consider annotating your entities with one of these annotations: org.springframework.data.relational.core.mapping.Table.
2024-01-16T15:14:22.806+05:30  INFO 7844 --- [main] .RepositoryConfigurationExtensionSupport : Spring Data JDBC - Could not safely identify store assignment for repository candidate interface edu.onlineFoodApp.repository.FoodItemRepository; If you want this repository to be a JDBC repository, consider annotating your entities with one of these annotations: org.springframework.data.relational.core.mapping.Table.
2024-01-16T15:14:22.811+05:30  INFO 7844 --- [main] .RepositoryConfigurationExtensionSupport : Spring Data JDBC - Could not safely identify store assignment for repository candidate interface edu.onlineFoodApp.repository.FoodMenuRepository; If you want this repository to be a JDBC repository, consider annotating your entities with one of these annotations: org.springframework.data.relational.core.mapping.Table.
2024-01-16T15:14:22.816+05:30  INFO 7844 --- [main] .RepositoryConfigurationExtensionSupport : Spring Data JDBC - Could not safely identify store assignment for repository candidate interface edu.onlineFoodApp.repository.FoodOrderRepository; If you want this repository to be a JDBC repository, consider annotating your entities with one of these annotations: org.springframework.data.relational.core.mapping.Table.
2024-01-16T15:14:22.821+05:30  INFO 7844 --- [main] .RepositoryConfigurationExtensionSupport : Spring Data JDBC - Could not safely identify store assignment for repository candidate interface edu.onlineFoodApp.repository.FoodProductRepository; If you want this repository to be a JDBC repository, consider annotating your entities with one of these annotations: org.springframework.data.relational.core.mapping.Table.
2024-01-16T15:14:22.825+05:30  INFO 7844 --- [main] .RepositoryConfigurationExtensionSupport : Spring Data JDBC - Could not safely identify store assignment for repository candidate interface edu.onlineFoodApp.repository.UserRepository; If you want this repository to be a JDBC repository, consider annotating your entities with one of these annotations: org.springframework.data.relational.core.mapping.Table.
2024-01-16T15:14:22.827+05:30  INFO 7844 --- [main] .s.d.r.c.RepositoryConfigurationDelegate : Finished Spring Data repository scanning in 107 ms. Found 0 JDBC repository interfaces.
2024-01-16T15:14:22.859+05:30  INFO 7844 --- [main] .s.d.r.c.RepositoryConfigurationDelegate : Multiple Spring Data modules found, entering strict repository configuration mode
2024-01-16T15:14:22.862+05:30  INFO 7844 --- [main] .s.d.r.c.RepositoryConfigurationDelegate : Bootstrapping Spring Data JPA repositories in DEFAULT mode.
2024-01-16T15:14:22.966+05:30  INFO 7844 --- [main] .s.d.r.c.RepositoryConfigurationDelegate : Finished Spring Data repository scanning in 92 ms. Found 6 JPA repository interfaces.
2024-01-16T15:14:23.560+05:30  INFO 7844 --- [main] trationDelegate$BeanPostProcessorChecker : Bean 'org.springframework.ws.config.annotation.DelegatingWsConfiguration' of type [org.springframework.ws.config.annotation.DelegatingWsConfiguration$$SpringCGLIB$$0] is not eligible for getting processed by all BeanPostProcessors (for example: not eligible for auto-proxying)
2024-01-16T15:14:23.631+05:30  INFO 7844 --- [main] .w.s.a.s.AnnotationActionEndpointMapping : Supporting [WS-Addressing August 2004, WS-Addressing 1.0]
2024-01-16T15:14:24.085+05:30  INFO 7844 --- [main] o.s.b.w.embedded.tomcat.TomcatWebServer  : Tomcat initialized with port(s): 8080 (http)
2024-01-16T15:14:24.106+05:30  INFO 7844 --- [main] o.apache.catalina.core.StandardService   : Starting service [Tomcat]
2024-01-16T15:14:24.107+05:30  INFO 7844 --- [main] o.apache.catalina.core.StandardEngine    : Starting Servlet engine: [Apache Tomcat/10.1.11]
2024-01-16T15:14:24.334+05:30  INFO 7844 --- [main] o.a.c.c.C.[Tomcat].[localhost].[/]       : Initializing Spring embedded WebApplicationContext
2024-01-16T15:14:24.335+05:30  INFO 7844 --- [main] w.s.c.ServletWebServerApplicationContext : Root WebApplicationContext: initialization completed in 3143 ms
2024-01-16T15:14:24.614+05:30  INFO 7844 --- [main] o.hibernate.jpa.internal.util.LogHelper  : HHH000204: Processing PersistenceUnitInfo [name: default]
2024-01-16T15:14:24.706+05:30  INFO 7844 --- [main] org.hibernate.Version                    : HHH000412: Hibernate ORM core version 6.2.6.Final
2024-01-16T15:14:24.712+05:30  INFO 7844 --- [main] org.hibernate.cfg.Environment            : HHH000406: Using bytecode reflection optimizer
2024-01-16T15:14:24.977+05:30  INFO 7844 --- [main] o.h.b.i.BytecodeProviderInitiator        : HHH000021: Bytecode provider name : bytebuddy
2024-01-16T15:14:25.205+05:30  INFO 7844 --- [main] o.s.o.j.p.SpringPersistenceUnitInfo      : No LoadTimeWeaver setup: ignoring JPA class transformer
2024-01-16T15:14:25.236+05:30  INFO 7844 --- [main] com.zaxxer.hikari.HikariDataSource       : HikariPool-1 - Starting...
2024-01-16T15:14:25.742+05:30  INFO 7844 --- [main] com.zaxxer.hikari.pool.HikariPool        : HikariPool-1 - Added connection com.mysql.cj.jdbc.ConnectionImpl@39851c5
2024-01-16T15:14:25.746+05:30  INFO 7844 --- [main] com.zaxxer.hikari.HikariDataSource       : HikariPool-1 - Start completed.
2024-01-16T15:14:26.419+05:30  INFO 7844 --- [main] o.h.b.i.BytecodeProviderInitiator        : HHH000021: Bytecode provider name : bytebuddy
2024-01-16T15:14:27.705+05:30  INFO 7844 --- [main] o.h.e.t.j.p.i.JtaPlatformInitiator       : HHH000490: Using JtaPlatform implementation: [org.hibernate.engine.transaction.jta.platform.internal.NoJtaPlatform]
2024-01-16T15:14:28.169+05:30  INFO 7844 --- [main] j.LocalContainerEntityManagerFactoryBean : Initialized JPA EntityManagerFactory for persistence unit 'default'
2024-01-16T15:14:29.197+05:30  WARN 7844 --- [main] JpaBaseConfiguration$JpaWebConfiguration : spring.jpa.open-in-view is enabled by default. Therefore, database queries may be performed during view rendering. Explicitly configure spring.jpa.open-in-view to disable this warning
2024-01-16T15:14:30.016+05:30  INFO 7844 --- [main] o.s.b.w.embedded.tomcat.TomcatWebServer  : Tomcat started on port(s): 8080 (http) with context path ''
2024-01-16T15:14:30.035+05:30  INFO 7844 --- [main] edu.onlineFoodApp.FoodAppApplication     : Started FoodAppApplication in 9.742 seconds (process running for 10.948)
2024-01-16T15:14:41.516+05:30  INFO 7844 --- [RMI TCP Connection(2)-127.0.0.1] inMXBeanRegistrar$SpringApplicationAdmin : Application shutdown requested.
2024-01-16T15:14:41.556+05:30  INFO 7844 --- [RMI TCP Connection(2)-127.0.0.1] o.apache.catalina.core.StandardService   : Stopping service [Tomcat]
2024-01-16T15:14:41.594+05:30  INFO 7844 --- [RMI TCP Connection(2)-127.0.0.1] j.LocalContainerEntityManagerFactoryBean : Closing JPA EntityManagerFactory for persistence unit 'default'
2024-01-16T15:14:41.598+05:30  INFO 7844 --- [RMI TCP Connection(2)-127.0.0.1] com.zaxxer.hikari.HikariDataSource       : HikariPool-1 - Shutdown initiated...
2024-01-16T15:14:41.614+05:30  INFO 7844 --- [RMI TCP Connection(2)-127.0.0.1] com.zaxxer.hikari.HikariDataSource       : HikariPool-1 - Shutdown completed.
